REPO_DIR=/home/rsadve1/PROJECT/pole_transport_receiver_package
PWD=/home/rsadve1/PROJECT/pole_transport_receiver_package
SLURM_SUBMIT_DIR=/home/rsadve1/PROJECT/pole_transport_receiver_package/slurm
which python=/home/rsadve1/PROJECT/venvs/bin/python
Python 3.10.13
2026-03-11 00:34:46.087784: E external/local_xla/xla/stream_executor/cuda/cuda_dnn.cc:9261] Unable to register cuDNN factory: Attempting to register factory for plugin cuDNN when one has already been registered
2026-03-11 00:34:46.088456: E external/local_xla/xla/stream_executor/cuda/cuda_fft.cc:607] Unable to register cuFFT factory: Attempting to register factory for plugin cuFFT when one has already been registered
2026-03-11 00:34:46.149995: E external/local_xla/xla/stream_executor/cuda/cuda_blas.cc:1515] Unable to register cuBLAS factory: Attempting to register factory for plugin cuBLAS when one has already been registered
2026-03-11 00:34:46.315499: I tensorflow/core/platform/cpu_feature_guard.cc:182] This TensorFlow binary is optimized to use available CPU instructions in performance-critical operations.
To enable the following instructions: AVX2 FMA, in other operations, rebuild TensorFlow with the appropriate compiler flags.
2026-03-11 00:34:59.372435: I tensorflow/core/common_runtime/gpu/gpu_device.cc:1929] Created device /job:localhost/replica:0/task:0/device:GPU:0 with 38484 MB memory:  -> device: 0, name: NVIDIA A100-SXM4-40GB, pci bus id: 0000:01:00.0, compute capability: 8.0
2026-03-11 00:34:59.962848: I external/local_tsl/tsl/platform/default/subprocess.cc:304] Start cannot spawn child process: No such file or directory
Traceback (most recent call last):
  File "/cvmfs/soft.computecanada.ca/easybuild/software/2023/x86-64-v3/Compiler/gcccore/python/3.10.13/lib/python3.10/runpy.py", line 196, in _run_module_as_main
    return _run_code(code, main_globals, None,
  File "/cvmfs/soft.computecanada.ca/easybuild/software/2023/x86-64-v3/Compiler/gcccore/python/3.10.13/lib/python3.10/runpy.py", line 86, in _run_code
    exec(code, run_globals)
  File "/home/rsadve1/PROJECT/pole_transport_receiver_package/src/experiments/train_pole_transport_policy.py", line 142, in <module>
    main()
  File "/home/rsadve1/PROJECT/pole_transport_receiver_package/src/experiments/train_pole_transport_policy.py", line 70, in main
    receiver = PoleTransportPuschReceiver(link.tx, cfg, selection_mode="conditional")
  File "/home/rsadve1/PROJECT/pole_transport_receiver_package/src/receivers/pole_transport_receiver.py", line 56, in __init__
    self.detector = PoleTransportDetector(
  File "/home/rsadve1/PROJECT/pole_transport_receiver_package/src/receivers/pole_transport_detector.py", line 224, in __init__
    self._sionna_demapper = Demapper(
  File "/home/rsadve1/PROJECT/venvs/lib/python3.10/site-packages/sionna/mapping.py", line 971, in __init__
    self._constellation = Constellation.create_or_check_constellation(
  File "/home/rsadve1/PROJECT/venvs/lib/python3.10/site-packages/sionna/mapping.py", line 348, in create_or_check_constellation
    assert constellation.dtype==dtype, \
AssertionError: Constellation has wrong dtype.
